Compiling the C compiler identification source file "CMakeCCompilerId.c" failed.
Compiler: /Applications/ARM/bin/arm-none-eabi-gcc 
Build flags: ;-mcpu=cortex-m0plus;-mthumb
Id flags:  

The output was:
1
/Applications/ARM/bin/../lib/gcc/arm-none-eabi/10.3.1/../../../../arm-none-eabi/bin/ld: /Applications/ARM/bin/../lib/gcc/arm-none-eabi/10.3.1/../../../../arm-none-eabi/lib/thumb/v6-m/nofp/libc.a(lib_a-exit.o): in function `exit':
exit.c:(.text.exit+0x18): undefined reference to `_exit'
collect2: error: ld returned 1 exit status


Compiling the CXX compiler identification source file "CMakeCXXCompilerId.cpp" failed.
Compiler: /Applications/ARM/bin/arm-none-eabi-c++ 
Build flags: ;-mcpu=cortex-m0plus;-mthumb
Id flags:  

The output was:
1
/Applications/ARM/bin/../lib/gcc/arm-none-eabi/10.3.1/../../../../arm-none-eabi/bin/ld: /Applications/ARM/bin/../lib/gcc/arm-none-eabi/10.3.1/../../../../arm-none-eabi/lib/thumb/v6-m/nofp/libc.a(lib_a-exit.o): in function `exit':
exit.c:(.text.exit+0x18): undefined reference to `_exit'
collect2: error: ld returned 1 exit status


Performing C SOURCE FILE Test C_COMPILER_SUPPORTS_WFORMAT_SIGNEDNESS failed with the following output:
Change Dir: /Volumes/ExtSSD/workspace/rpi-pico/duinoCoinMiner/build/CMakeFiles/CMakeTmp

Run Build Command(s):/opt/homebrew/bin/ninja cmTC_a4d2f && [1/2] Building C object CMakeFiles/cmTC_a4d2f.dir/src.c.obj
[2/2] Linking C executable cmTC_a4d2f.elf
FAILED: cmTC_a4d2f.elf 
: && /Applications/ARM/bin/arm-none-eabi-gcc -mcpu=cortex-m0plus -mthumb -Wall -Wextra -Wwrite-strings -Wformat=2 -Wno-format-nonliteral -Wvla -Wlogical-op -Wshadow -Wl,--build-id=none  CMakeFiles/cmTC_a4d2f.dir/src.c.obj -o cmTC_a4d2f.elf   && :
/Applications/ARM/bin/../lib/gcc/arm-none-eabi/10.3.1/../../../../arm-none-eabi/bin/ld: /Applications/ARM/bin/../lib/gcc/arm-none-eabi/10.3.1/../../../../arm-none-eabi/lib/thumb/v6-m/nofp/libc.a(lib_a-exit.o): in function `exit':
exit.c:(.text.exit+0x18): undefined reference to `_exit'
collect2: error: ld returned 1 exit status
ninja: build stopped: subcommand failed.


Source file was:
int main(void) { return 0; }
